[Error] 2023-08-13 14:43:19 ---------------------------------------------------------
[BadRequestException] 不正なリクエストと判断されました。(type:auth)バリデーションエラーまたはコントローラ/アクションの不一致によるエラーです。
Request URL: /
Stack Trace:
#0 /var/www/html/lib/Cake/Controller/Component/SecurityComponent.php(831): BcAppController->_blackHoleCallback()
#1 /var/www/html/lib/Cake/Controller/Component/SecurityComponent.php(351): SecurityComponent->_callback()
#2 /var/www/html/lib/Cake/Controller/Component/SecurityComponent.php(255): SecurityComponent->blackHole()
#3 /var/www/html/lib/Cake/Utility/ObjectCollection.php(129): SecurityComponent->startup()
#4 /var/www/html/lib/Baser/Event/CakeEventManager.php(244): ObjectCollection->trigger()
#5 /var/www/html/lib/Cake/Controller/Controller.php(683): CakeEventManager->dispatch()
#6 /var/www/html/lib/Cake/Routing/Dispatcher.php(189): Controller->startupProcess()
#7 /var/www/html/lib/Cake/Routing/Dispatcher.php(167): Dispatcher->_invoke()
#8 /var/www/html/app/webroot/index.php(123): Dispatcher->dispatch()
#9 {main}
[Error] 2023-08-13 14:44:50 ---------------------------------------------------------
[MissingViewException] View file "/var/www/html/app/webroot/theme/bc_sample/Home/index.php" is missing.
Exception Attributes: array (
  'file' => '/var/www/html/app/webroot/theme/bc_sample/Home/index.php',
)
Request URL: /home
Stack Trace:
#0 /var/www/html/lib/Cake/View/View.php(470): BcAppView->_getViewFileName()
#1 /var/www/html/lib/Cake/Controller/Controller.php(968): View->render()
#2 /var/www/html/lib/Cake/Routing/Dispatcher.php(200): Controller->render()
#3 /var/www/html/lib/Cake/Routing/Dispatcher.php(167): Dispatcher->_invoke()
#4 /var/www/html/app/webroot/index.php(123): Dispatcher->dispatch()
#5 {main}
[Error] 2023-08-13 14:46:24 ---------------------------------------------------------
[MissingViewException] View file "/var/www/html/app/webroot/theme/bc_sample/Home/index.php" is missing.
Exception Attributes: array (
  'file' => '/var/www/html/app/webroot/theme/bc_sample/Home/index.php',
)
Request URL: /home
Stack Trace:
#0 /var/www/html/lib/Cake/View/View.php(470): BcAppView->_getViewFileName()
#1 /var/www/html/lib/Cake/Controller/Controller.php(968): View->render()
#2 /var/www/html/lib/Cake/Routing/Dispatcher.php(200): Controller->render()
#3 /var/www/html/lib/Cake/Routing/Dispatcher.php(167): Dispatcher->_invoke()
#4 /var/www/html/app/webroot/index.php(123): Dispatcher->dispatch()
#5 {main}
[Error] 2023-08-13 14:46:30 ---------------------------------------------------------
[MissingViewException] View file "/var/www/html/app/webroot/theme/bc_sample/Home/index.php" is missing.
Exception Attributes: array (
  'file' => '/var/www/html/app/webroot/theme/bc_sample/Home/index.php',
)
Request URL: /home/
Stack Trace:
#0 /var/www/html/lib/Cake/View/View.php(470): BcAppView->_getViewFileName()
#1 /var/www/html/lib/Cake/Controller/Controller.php(968): View->render()
#2 /var/www/html/lib/Cake/Routing/Dispatcher.php(200): Controller->render()
#3 /var/www/html/lib/Cake/Routing/Dispatcher.php(167): Dispatcher->_invoke()
#4 /var/www/html/app/webroot/index.php(123): Dispatcher->dispatch()
#5 {main}
[Error] 2023-08-13 14:50:49 ---------------------------------------------------------
[MissingViewException] View file "/var/www/html/app/webroot/theme/bc_sample/Home/index.php" is missing.
Exception Attributes: array (
  'file' => '/var/www/html/app/webroot/theme/bc_sample/Home/index.php',
)
Request URL: /home/
Stack Trace:
#0 /var/www/html/lib/Cake/View/View.php(470): BcAppView->_getViewFileName()
#1 /var/www/html/lib/Cake/Controller/Controller.php(968): View->render()
#2 /var/www/html/lib/Cake/Routing/Dispatcher.php(200): Controller->render()
#3 /var/www/html/lib/Cake/Routing/Dispatcher.php(167): Dispatcher->_invoke()
#4 /var/www/html/app/webroot/index.php(123): Dispatcher->dispatch()
#5 {main}
[Error] 2023-08-13 15:07:53 ---------------------------------------------------------
[MissingViewException] View file "/var/www/html/app/webroot/theme/bc_sample/Home/index.php" is missing.
Exception Attributes: array (
  'file' => '/var/www/html/app/webroot/theme/bc_sample/Home/index.php',
)
Request URL: /home/
Stack Trace:
#0 /var/www/html/lib/Cake/View/View.php(470): BcAppView->_getViewFileName()
#1 /var/www/html/lib/Cake/Controller/Controller.php(968): View->render()
#2 /var/www/html/lib/Cake/Routing/Dispatcher.php(200): Controller->render()
#3 /var/www/html/lib/Cake/Routing/Dispatcher.php(167): Dispatcher->_invoke()
#4 /var/www/html/app/webroot/index.php(123): Dispatcher->dispatch()
#5 {main}
